Build started 3/9/2021 4:55:13 PM.
     1>Project "C:\Users\Acer\Desktop\CS204\Homework 1\Homework 1 Code\Homework 1 Code\Homework 1 Code.vcxproj" on node 2 (Build target(s)).
     1>ClCompile:
         C:\Program Files (x86)\Microsoft Visual Studio 11.0\VC\bin\CL.exe /c /Zi /nologo /W3 /WX- /O2 /Oi /Oy- /GL /D _MBCS /Gm- /EHsc /MD /GS /Gy /fp:precise /Zc:wchar_t /Zc:forScope /Fo"Release\\" /Fd"Release\vc110.pdb" /Gd /TP /analyze- /errorReport:prompt Source.cpp
         Source.cpp
     1>Source.cpp(64): warning C4018: '<' : signed/unsigned mismatch
     1>Source.cpp(66): warning C4018: '<' : signed/unsigned mismatch
     1>Source.cpp(163): warning C4018: '<' : signed/unsigned mismatch
     1>Source.cpp(209): warning C4018: '<' : signed/unsigned mismatch
     1>Source.cpp(230): warning C4018: '<' : signed/unsigned mismatch
     1>Source.cpp(272): warning C4018: '<' : signed/unsigned mismatch
       Link:
         C:\Program Files (x86)\Microsoft Visual Studio 11.0\VC\bin\link.exe /ERRORREPORT:PROMPT /OUT:"C:\Users\Acer\Desktop\CS204\Homework 1\Homework 1 Code\Release\Homework 1 Code.exe" /NOLOGO kernel32.lib user32.lib gdi32.lib winspool.lib comdlg32.lib advapi32.lib shell32.lib ole32.lib oleaut32.lib uuid.lib odbc32.lib odbccp32.lib /MANIFEST /MANIFESTUAC:"level='asInvoker' uiAccess='false'" /manifest:embed /DEBUG /PDB:"C:\Users\Acer\Desktop\CS204\Homework 1\Homework 1 Code\Release\Homework 1 Code.pdb" /OPT:REF /OPT:ICF /LTCG /TLBID:1 /DYNAMICBASE /NXCOMPAT /IMPLIB:"C:\Users\Acer\Desktop\CS204\Homework 1\Homework 1 Code\Release\Homework 1 Code.lib" /MACHINE:X86 /SAFESEH Release\Source.obj
         Generating code
     1>c:\users\acer\desktop\cs204\homework 1\homework 1 code\homework 1 code\source.cpp(170): warning C4715: 'getIndexVector' : not all control paths return a value
         Finished generating code
         Homework 1 Code.vcxproj -> C:\Users\Acer\Desktop\CS204\Homework 1\Homework 1 Code\Release\Homework 1 Code.exe
     1>Done Building Project "C:\Users\Acer\Desktop\CS204\Homework 1\Homework 1 Code\Homework 1 Code\Homework 1 Code.vcxproj" (Build target(s)).

Build succeeded.

Time Elapsed 00:00:02.11
